<?xml version="1.0" encoding="UTF-8"?>
<testsuite name="HighScoreBarTest" tests="3" skipped="0" failures="0" errors="0" timestamp="2020-01-18T23:54:25" hostname="DESKTOP-A8HDS67" time="0.009">
  <properties/>
  <testcase name="test_highscore_long_name" classname="HighScoreBarTest" time="0.008"/>
  <testcase name="test_highscore_score" classname="HighScoreBarTest" time="0.001"/>
  <testcase name="test_highscore_short_name" classname="HighScoreBarTest" time="0.0"/>
  <system-out><![CDATA[name: ThisNameWi
score: 200
Success - long name recorded successfully
name: Bob
score: 200
Success - score recorded successfully
name: Bob
score: 200
Success - short name recorded successfully
]]></system-out>
  <system-err><![CDATA[]]></system-err>
</testsuite>
