<?xml version="1.0" encoding="UTF-8"?>
<testsuite name="HighScoreBarTest" tests="2" skipped="0" failures="0" errors="0" timestamp="2020-01-19T21:14:43" hostname="DESKTOP-A8HDS67" time="0.016">
  <properties/>
  <testcase name="test_highscore_score" classname="HighScoreBarTest" time="0.001"/>
  <testcase name="test_highscore_short_name" classname="HighScoreBarTest" time="0.0"/>
  <system-out><![CDATA[name: Bob
score: 200
Success - score recorded successfully
name: Bob
score: 200
Success - short name recorded successfully
]]></system-out>
  <system-err><![CDATA[]]></system-err>
</testsuite>
