<?xml version="1.0" encoding="UTF-8"?>
<testsuite name="FiretruckTestNew" tests="1" skipped="0" failures="0" errors="0" timestamp="2020-01-19T11:52:07" hostname="DESKTOP-A8HDS67" time="0.07">
  <properties/>
  <testcase name="test_firetruck_move_up" classname="FiretruckTestNew" time="0.07"/>
  <system-out><![CDATA[8.0
580.0
8.0
2124.0
644.0
2696.0
2828.0
2700.0
780.0
2120.0
1864.0
1476.0
776.0
584.0
0.0
8.0
456.0
-4.0
2180.0
580.0
1724.0
580.0
2184.0
964.0
2500.0
1484.0
3208.0
1468.0
2884.0
964.0
2884.0
4.0
3724.0
0.0
3712.0
968.0
4284.0
2696.0
Texture not null
Success - firetruck has moved up
]]></system-out>
  <system-err><![CDATA[]]></system-err>
</testsuite>
