<?xml version="1.0" encoding="UTF-8"?>
<testsuite name="test" tests="1" skipped="0" failures="0" errors="0" timestamp="2020-01-18T23:54:25" hostname="DESKTOP-A8HDS67" time="0.0">
  <properties/>
  <testcase name="oneEqualsOne" classname="test" time="0.0"/>
  <system-out><![CDATA[]]></system-out>
  <system-err><![CDATA[]]></system-err>
</testsuite>
