<?xml version="1.0" encoding="UTF-8"?>
<testsuite name="FiretruckTestNew" tests="9" skipped="0" failures="4" errors="0" timestamp="2020-01-19T22:38:40" hostname="DESKTOP-JF2CHDI" time="6.367">
  <properties/>
  <testcase name="test_firetruck_turn_right" classname="FiretruckTestNew" time="0.12">
    <failure message="java.lang.AssertionError: firetruck has not turned right" type="java.lang.AssertionError">java.lang.AssertionError: firetruck has not turned right
	at org.junit.Assert.fail(Assert.java:88)
	at FiretruckTestNew.fail(FiretruckTestNew.java:45)
	at FiretruckTestNew.test_firetruck_turn_right(FiretruckTestNew.java:149)
	at java.base/jdk.internal.reflect.NativeMethodAccessorImpl.invoke0(Native Method)
	at java.base/jdk.internal.reflect.NativeMethodAccessorImpl.invoke(NativeMethodAccessorImpl.java:62)
	at java.base/jdk.internal.reflect.DelegatingMethodAccessorImpl.invoke(DelegatingMethodAccessorImpl.java:43)
	at java.base/java.lang.reflect.Method.invoke(Method.java:566)
	at org.junit.runners.model.FrameworkMethod$1.runReflectiveCall(FrameworkMethod.java:50)
	at org.junit.internal.runners.model.ReflectiveCallable.run(ReflectiveCallable.java:12)
	at org.junit.runners.model.FrameworkMethod.invokeExplosively(FrameworkMethod.java:47)
	at org.junit.internal.runners.statements.InvokeMethod.evaluate(InvokeMethod.java:17)
	at org.junit.runners.ParentRunner.runLeaf(ParentRunner.java:325)
	at org.junit.runners.BlockJUnit4ClassRunner.runChild(BlockJUnit4ClassRunner.java:78)
	at GameTestRunner.render(GameTestRunner.java:57)
	at com.badlogic.gdx.backends.headless.HeadlessApplication.mainLoop(HeadlessApplication.java:129)
	at com.badlogic.gdx.backends.headless.HeadlessApplication$1.run(HeadlessApplication.java:96)
</failure>
  </testcase>
  <testcase name="test_firetruck_ammo_refill_full" classname="FiretruckTestNew" time="0.019"/>
  <testcase name="test_firetruck_move_forwards" classname="FiretruckTestNew" time="3.022">
    <failure message="java.lang.AssertionError: firetruck has not moved forwards" type="java.lang.AssertionError">java.lang.AssertionError: firetruck has not moved forwards
	at org.junit.Assert.fail(Assert.java:88)
	at FiretruckTestNew.fail(FiretruckTestNew.java:45)
	at FiretruckTestNew.test_firetruck_move_forwards(FiretruckTestNew.java:83)
	at java.base/jdk.internal.reflect.NativeMethodAccessorImpl.invoke0(Native Method)
	at java.base/jdk.internal.reflect.NativeMethodAccessorImpl.invoke(NativeMethodAccessorImpl.java:62)
	at java.base/jdk.internal.reflect.DelegatingMethodAccessorImpl.invoke(DelegatingMethodAccessorImpl.java:43)
	at java.base/java.lang.reflect.Method.invoke(Method.java:566)
	at org.junit.runners.model.FrameworkMethod$1.runReflectiveCall(FrameworkMethod.java:50)
	at org.junit.internal.runners.model.ReflectiveCallable.run(ReflectiveCallable.java:12)
	at org.junit.runners.model.FrameworkMethod.invokeExplosively(FrameworkMethod.java:47)
	at org.junit.internal.runners.statements.InvokeMethod.evaluate(InvokeMethod.java:17)
	at org.junit.runners.ParentRunner.runLeaf(ParentRunner.java:325)
	at org.junit.runners.BlockJUnit4ClassRunner.runChild(BlockJUnit4ClassRunner.java:78)
	at GameTestRunner.render(GameTestRunner.java:57)
	at com.badlogic.gdx.backends.headless.HeadlessApplication.mainLoop(HeadlessApplication.java:129)
	at com.badlogic.gdx.backends.headless.HeadlessApplication$1.run(HeadlessApplication.java:96)
</failure>
  </testcase>
  <testcase name="test_firetruck_ammo_decreases" classname="FiretruckTestNew" time="0.03"/>
  <testcase name="test_firetruck_move_backwards" classname="FiretruckTestNew" time="3.027">
    <failure message="java.lang.AssertionError: firetruck has not moved backwards" type="java.lang.AssertionError">java.lang.AssertionError: firetruck has not moved backwards
	at org.junit.Assert.fail(Assert.java:88)
	at FiretruckTestNew.fail(FiretruckTestNew.java:45)
	at FiretruckTestNew.test_firetruck_move_backwards(FiretruckTestNew.java:112)
	at java.base/jdk.internal.reflect.NativeMethodAccessorImpl.invoke0(Native Method)
	at java.base/jdk.internal.reflect.NativeMethodAccessorImpl.invoke(NativeMethodAccessorImpl.java:62)
	at java.base/jdk.internal.reflect.DelegatingMethodAccessorImpl.invoke(DelegatingMethodAccessorImpl.java:43)
	at java.base/java.lang.reflect.Method.invoke(Method.java:566)
	at org.junit.runners.model.FrameworkMethod$1.runReflectiveCall(FrameworkMethod.java:50)
	at org.junit.internal.runners.model.ReflectiveCallable.run(ReflectiveCallable.java:12)
	at org.junit.runners.model.FrameworkMethod.invokeExplosively(FrameworkMethod.java:47)
	at org.junit.internal.runners.statements.InvokeMethod.evaluate(InvokeMethod.java:17)
	at org.junit.runners.ParentRunner.runLeaf(ParentRunner.java:325)
	at org.junit.runners.BlockJUnit4ClassRunner.runChild(BlockJUnit4ClassRunner.java:78)
	at GameTestRunner.render(GameTestRunner.java:57)
	at com.badlogic.gdx.backends.headless.HeadlessApplication.mainLoop(HeadlessApplication.java:129)
	at com.badlogic.gdx.backends.headless.HeadlessApplication$1.run(HeadlessApplication.java:96)
</failure>
  </testcase>
  <testcase name="test_firetruck_turn_left" classname="FiretruckTestNew" time="0.015">
    <failure message="java.lang.AssertionError: firetruck has not turned left" type="java.lang.AssertionError">java.lang.AssertionError: firetruck has not turned left
	at org.junit.Assert.fail(Assert.java:88)
	at FiretruckTestNew.fail(FiretruckTestNew.java:45)
	at FiretruckTestNew.test_firetruck_turn_left(FiretruckTestNew.java:180)
	at java.base/jdk.internal.reflect.NativeMethodAccessorImpl.invoke0(Native Method)
	at java.base/jdk.internal.reflect.NativeMethodAccessorImpl.invoke(NativeMethodAccessorImpl.java:62)
	at java.base/jdk.internal.reflect.DelegatingMethodAccessorImpl.invoke(DelegatingMethodAccessorImpl.java:43)
	at java.base/java.lang.reflect.Method.invoke(Method.java:566)
	at org.junit.runners.model.FrameworkMethod$1.runReflectiveCall(FrameworkMethod.java:50)
	at org.junit.internal.runners.model.ReflectiveCallable.run(ReflectiveCallable.java:12)
	at org.junit.runners.model.FrameworkMethod.invokeExplosively(FrameworkMethod.java:47)
	at org.junit.internal.runners.statements.InvokeMethod.evaluate(InvokeMethod.java:17)
	at org.junit.runners.ParentRunner.runLeaf(ParentRunner.java:325)
	at org.junit.runners.BlockJUnit4ClassRunner.runChild(BlockJUnit4ClassRunner.java:78)
	at GameTestRunner.render(GameTestRunner.java:57)
	at com.badlogic.gdx.backends.headless.HeadlessApplication.mainLoop(HeadlessApplication.java:129)
	at com.badlogic.gdx.backends.headless.HeadlessApplication$1.run(HeadlessApplication.java:96)
</failure>
  </testcase>
  <testcase name="test_fortress_shoot" classname="FiretruckTestNew" time="0.012"/>
  <testcase name="test_firetruck_can_shoot" classname="FiretruckTestNew" time="0.012"/>
  <testcase name="test_firetruck_ammo_refill_low" classname="FiretruckTestNew" time="0.012"/>
  <system-out><![CDATA[C:\Users\glesb\Documents\GitHub\CheatCodez\tests
Texture not null
0.0
0.0
0.0
0.0
0.0
0.0
0.0
0.0
0.0
0.0
0.0
0.0
0.0
0.0
0.0
0.0
0.0
0.0
0.0
0.0
0.0
0.0
0.0
0.0
0.0
0.0
0.0
0.0
0.0
0.0
0.0
0.0
0.0
0.0
0.0
0.0
0.0
0.0
0.0
0.0
0.0
0.0
0.0
0.0
0.0
0.0
0.0
0.0
0.0
0.0
0.0
0.0
0.0
0.0
0.0
0.0
0.0
0.0
0.0
0.0
0.0
0.0
0.0
0.0
0.0
0.0
0.0
0.0
0.0
0.0
0.0
0.0
0.0
0.0
0.0
0.0
0.0
0.0
0.0
0.0
0.0
0.0
0.0
0.0
0.0
0.0
0.0
0.0
0.0
0.0
0.0
0.0
0.0
0.0
0.0
0.0
0.0
0.0
0.0
0.0
0.0
0.0
Failed - firetruck has not turned right
C:\Users\glesb\Documents\GitHub\CheatCodez\tests
Texture not null
Success - Success - ammo does not refill when full
C:\Users\glesb\Documents\GitHub\CheatCodez\tests
Texture not null
2188.000000, 2188.000000
809.200012, 809.200012
OldY: 2188.000000, NewY 2188.000000
Failed - firetruck has not moved forwards
C:\Users\glesb\Documents\GitHub\CheatCodez\tests
Texture not null
Success - Success - ammo decreases when shooting
C:\Users\glesb\Documents\GitHub\CheatCodez\tests
Texture not null
2188.000000, 2188.000000
Failed - firetruck has not moved backwards
C:\Users\glesb\Documents\GitHub\CheatCodez\tests
Texture not null
0.0
0.0
0.0
0.0
0.0
0.0
0.0
0.0
0.0
0.0
0.0
0.0
0.0
0.0
0.0
0.0
0.0
0.0
0.0
0.0
0.0
0.0
0.0
0.0
0.0
0.0
0.0
0.0
0.0
0.0
0.0
0.0
0.0
0.0
0.0
0.0
0.0
0.0
0.0
0.0
0.0
0.0
0.0
0.0
0.0
0.0
0.0
0.0
0.0
0.0
0.0
0.0
0.0
0.0
0.0
0.0
0.0
0.0
0.0
0.0
0.0
0.0
0.0
0.0
0.0
0.0
0.0
0.0
0.0
0.0
0.0
0.0
0.0
0.0
0.0
0.0
0.0
0.0
0.0
0.0
0.0
0.0
0.0
0.0
0.0
0.0
0.0
0.0
0.0
0.0
0.0
0.0
0.0
0.0
0.0
0.0
0.0
0.0
0.0
0.0
0.0
0.0
Failed - firetruck has not turned left
Success - Success - fortress shoots
C:\Users\glesb\Documents\GitHub\CheatCodez\tests
Texture not null
Success - firetruck has shot
C:\Users\glesb\Documents\GitHub\CheatCodez\tests
Texture not null
Success - Success - ammo refills when low
]]></system-out>
  <system-err><![CDATA[]]></system-err>
</testsuite>
