<?xml version="1.0" encoding="UTF-8"?>
<testsuite name="DBTest" tests="4" skipped="0" failures="0" errors="0" timestamp="2020-01-19T14:19:09" hostname="DESKTOP-JF2CHDI" time="10.812">
  <properties/>
  <testcase name="local_insert" classname="DBTest" time="0.586"/>
  <testcase name="insert" classname="DBTest" time="4.438"/>
  <testcase name="local_fetch_amount_2" classname="DBTest" time="0.009"/>
  <testcase name="fetch_amount_2" classname="DBTest" time="5.764"/>
  <system-out><![CDATA[jdbc:sqlite:C:\Users\glesb\Documents\GitHub\CheatCodez\tests\..\android\assets\scores.db
Success - Score successfully inserted to local DB
Success - Score successfully inserted to DB
jdbc:sqlite:..\android\assets/scores.db
Success - scores.size() == 2 fetched from local db
Success - scores.size() == 2
]]></system-out>
  <system-err><![CDATA[]]></system-err>
</testsuite>
