<?xml version="1.0" encoding="UTF-8"?>
<testsuite name="HighScoreBarTest" tests="1" skipped="0" failures="0" errors="0" timestamp="2020-01-19T22:29:23" hostname="DESKTOP-A8HDS67" time="0.002">
  <properties/>
  <testcase name="test_highscore_score" classname="HighScoreBarTest" time="0.002"/>
  <system-out><![CDATA[Success - score recorded successfully
]]></system-out>
  <system-err><![CDATA[]]></system-err>
</testsuite>
