<?xml version="1.0" encoding="UTF-8"?>
<testsuite name="test" tests="1" skipped="0" failures="0" errors="0" timestamp="2020-01-18T23:29:28" hostname="LAPTOP-KVNULOUO" time="0.001">
  <properties/>
  <testcase name="oneEqualsOne" classname="test" time="0.001"/>
  <system-out><![CDATA[]]></system-out>
  <system-err><![CDATA[]]></system-err>
</testsuite>
