<?xml version="1.0" encoding="UTF-8"?>
<testsuite name="FiretruckTestNew" tests="10" skipped="0" failures="5" errors="0" timestamp="2020-01-19T20:23:19" hostname="DESKTOP-A8HDS67" time="3.259">
  <properties/>
  <testcase name="test_firetruck_turn_right" classname="FiretruckTestNew" time="0.067">
    <failure message="java.lang.AssertionError: firetruck has not turned right" type="java.lang.AssertionError">java.lang.AssertionError: firetruck has not turned right
	at org.junit.Assert.fail(Assert.java:88)
	at FiretruckTestNew.fail(FiretruckTestNew.java:45)
	at FiretruckTestNew.test_firetruck_turn_right(FiretruckTestNew.java:147)
	at java.base/jdk.internal.reflect.NativeMethodAccessorImpl.invoke0(Native Method)
	at java.base/jdk.internal.reflect.NativeMethodAccessorImpl.invoke(NativeMethodAccessorImpl.java:62)
	at java.base/jdk.internal.reflect.DelegatingMethodAccessorImpl.invoke(DelegatingMethodAccessorImpl.java:43)
	at java.base/java.lang.reflect.Method.invoke(Method.java:566)
	at org.junit.runners.model.FrameworkMethod$1.runReflectiveCall(FrameworkMethod.java:50)
	at org.junit.internal.runners.model.ReflectiveCallable.run(ReflectiveCallable.java:12)
	at org.junit.runners.model.FrameworkMethod.invokeExplosively(FrameworkMethod.java:47)
	at org.junit.internal.runners.statements.InvokeMethod.evaluate(InvokeMethod.java:17)
	at org.junit.runners.ParentRunner.runLeaf(ParentRunner.java:325)
	at org.junit.runners.BlockJUnit4ClassRunner.runChild(BlockJUnit4ClassRunner.java:78)
	at GameTestRunner.render(GameTestRunner.java:57)
	at com.badlogic.gdx.backends.headless.HeadlessApplication.mainLoop(HeadlessApplication.java:129)
	at com.badlogic.gdx.backends.headless.HeadlessApplication$1.run(HeadlessApplication.java:96)
</failure>
  </testcase>
  <testcase name="test_firetruck_ammo_refill_full" classname="FiretruckTestNew" time="0.016"/>
  <testcase name="test_firetruck_move_forwards" classname="FiretruckTestNew" time="0.008">
    <failure message="java.nio.file.NoSuchFileException: D:\Documents\GitHub\CheatCodez\tests\assets\graph.txt" type="java.nio.file.NoSuchFileException">java.nio.file.NoSuchFileException: D:\Documents\GitHub\CheatCodez\tests\assets\graph.txt
	at java.base/sun.nio.fs.WindowsException.translateToIOException(WindowsException.java:85)
	at java.base/sun.nio.fs.WindowsException.rethrowAsIOException(WindowsException.java:103)
	at java.base/sun.nio.fs.WindowsException.rethrowAsIOException(WindowsException.java:108)
	at java.base/sun.nio.fs.WindowsFileSystemProvider.newByteChannel(WindowsFileSystemProvider.java:235)
	at java.base/java.nio.file.Files.newByteChannel(Files.java:370)
	at java.base/java.nio.file.Files.newByteChannel(Files.java:421)
	at java.base/java.nio.file.spi.FileSystemProvider.newInputStream(FileSystemProvider.java:420)
	at java.base/java.nio.file.Files.newInputStream(Files.java:155)
	at java.base/java.nio.file.Files.newBufferedReader(Files.java:2838)
	at java.base/java.nio.file.Files.readAllLines(Files.java:3327)
	at java.base/java.nio.file.Files.readAllLines(Files.java:3367)
	at com.kroy.modules.MapLoader.loadGraph(MapLoader.java:39)
	at FiretruckTestNew.test_firetruck_move_forwards(FiretruckTestNew.java:53)
	at java.base/jdk.internal.reflect.NativeMethodAccessorImpl.invoke0(Native Method)
	at java.base/jdk.internal.reflect.NativeMethodAccessorImpl.invoke(NativeMethodAccessorImpl.java:62)
	at java.base/jdk.internal.reflect.DelegatingMethodAccessorImpl.invoke(DelegatingMethodAccessorImpl.java:43)
	at java.base/java.lang.reflect.Method.invoke(Method.java:566)
	at org.junit.runners.model.FrameworkMethod$1.runReflectiveCall(FrameworkMethod.java:50)
	at org.junit.internal.runners.model.ReflectiveCallable.run(ReflectiveCallable.java:12)
	at org.junit.runners.model.FrameworkMethod.invokeExplosively(FrameworkMethod.java:47)
	at org.junit.internal.runners.statements.InvokeMethod.evaluate(InvokeMethod.java:17)
	at org.junit.runners.ParentRunner.runLeaf(ParentRunner.java:325)
	at org.junit.runners.BlockJUnit4ClassRunner.runChild(BlockJUnit4ClassRunner.java:78)
	at GameTestRunner.render(GameTestRunner.java:57)
	at com.badlogic.gdx.backends.headless.HeadlessApplication.mainLoop(HeadlessApplication.java:129)
	at com.badlogic.gdx.backends.headless.HeadlessApplication$1.run(HeadlessApplication.java:96)
</failure>
  </testcase>
  <testcase name="test_firetruck_ammo_decreases" classname="FiretruckTestNew" time="0.012"/>
  <testcase name="test_firetruck_move_backwards" classname="FiretruckTestNew" time="3.016">
    <failure message="java.lang.AssertionError: firetruck has not moved backwards" type="java.lang.AssertionError">java.lang.AssertionError: firetruck has not moved backwards
	at org.junit.Assert.fail(Assert.java:88)
	at FiretruckTestNew.fail(FiretruckTestNew.java:45)
	at FiretruckTestNew.test_firetruck_move_backwards(FiretruckTestNew.java:110)
	at java.base/jdk.internal.reflect.NativeMethodAccessorImpl.invoke0(Native Method)
	at java.base/jdk.internal.reflect.NativeMethodAccessorImpl.invoke(NativeMethodAccessorImpl.java:62)
	at java.base/jdk.internal.reflect.DelegatingMethodAccessorImpl.invoke(DelegatingMethodAccessorImpl.java:43)
	at java.base/java.lang.reflect.Method.invoke(Method.java:566)
	at org.junit.runners.model.FrameworkMethod$1.runReflectiveCall(FrameworkMethod.java:50)
	at org.junit.internal.runners.model.ReflectiveCallable.run(ReflectiveCallable.java:12)
	at org.junit.runners.model.FrameworkMethod.invokeExplosively(FrameworkMethod.java:47)
	at org.junit.internal.runners.statements.InvokeMethod.evaluate(InvokeMethod.java:17)
	at org.junit.runners.ParentRunner.runLeaf(ParentRunner.java:325)
	at org.junit.runners.BlockJUnit4ClassRunner.runChild(BlockJUnit4ClassRunner.java:78)
	at GameTestRunner.render(GameTestRunner.java:57)
	at com.badlogic.gdx.backends.headless.HeadlessApplication.mainLoop(HeadlessApplication.java:129)
	at com.badlogic.gdx.backends.headless.HeadlessApplication$1.run(HeadlessApplication.java:96)
</failure>
  </testcase>
  <testcase name="test_firetruck_turn_left" classname="FiretruckTestNew" time="0.023">
    <failure message="java.lang.AssertionError: firetruck has not turned left" type="java.lang.AssertionError">java.lang.AssertionError: firetruck has not turned left
	at org.junit.Assert.fail(Assert.java:88)
	at FiretruckTestNew.fail(FiretruckTestNew.java:45)
	at FiretruckTestNew.test_firetruck_turn_left(FiretruckTestNew.java:178)
	at java.base/jdk.internal.reflect.NativeMethodAccessorImpl.invoke0(Native Method)
	at java.base/jdk.internal.reflect.NativeMethodAccessorImpl.invoke(NativeMethodAccessorImpl.java:62)
	at java.base/jdk.internal.reflect.DelegatingMethodAccessorImpl.invoke(DelegatingMethodAccessorImpl.java:43)
	at java.base/java.lang.reflect.Method.invoke(Method.java:566)
	at org.junit.runners.model.FrameworkMethod$1.runReflectiveCall(FrameworkMethod.java:50)
	at org.junit.internal.runners.model.ReflectiveCallable.run(ReflectiveCallable.java:12)
	at org.junit.runners.model.FrameworkMethod.invokeExplosively(FrameworkMethod.java:47)
	at org.junit.internal.runners.statements.InvokeMethod.evaluate(InvokeMethod.java:17)
	at org.junit.runners.ParentRunner.runLeaf(ParentRunner.java:325)
	at org.junit.runners.BlockJUnit4ClassRunner.runChild(BlockJUnit4ClassRunner.java:78)
	at GameTestRunner.render(GameTestRunner.java:57)
	at com.badlogic.gdx.backends.headless.HeadlessApplication.mainLoop(HeadlessApplication.java:129)
	at com.badlogic.gdx.backends.headless.HeadlessApplication$1.run(HeadlessApplication.java:96)
</failure>
  </testcase>
  <testcase name="test_fortress_shoot" classname="FiretruckTestNew" time="0.011"/>
  <testcase name="test_firetruck_can_shoot" classname="FiretruckTestNew" time="0.021"/>
  <testcase name="test_firetruck_ammo_refill_low" classname="FiretruckTestNew" time="0.01"/>
  <testcase name="test_highscore_long_name" classname="FiretruckTestNew" time="0.0">
    <failure message="java.lang.IllegalArgumentException: object is not an instance of declaring class" type="java.lang.IllegalArgumentException">java.lang.IllegalArgumentException: object is not an instance of declaring class
	at java.base/jdk.internal.reflect.NativeMethodAccessorImpl.invoke0(Native Method)
	at java.base/jdk.internal.reflect.NativeMethodAccessorImpl.invoke(NativeMethodAccessorImpl.java:62)
	at java.base/jdk.internal.reflect.DelegatingMethodAccessorImpl.invoke(DelegatingMethodAccessorImpl.java:43)
	at java.base/java.lang.reflect.Method.invoke(Method.java:566)
	at org.junit.runners.model.FrameworkMethod$1.runReflectiveCall(FrameworkMethod.java:50)
	at org.junit.internal.runners.model.ReflectiveCallable.run(ReflectiveCallable.java:12)
	at org.junit.runners.model.FrameworkMethod.invokeExplosively(FrameworkMethod.java:47)
	at org.junit.internal.runners.statements.InvokeMethod.evaluate(InvokeMethod.java:17)
	at org.junit.runners.ParentRunner.runLeaf(ParentRunner.java:325)
	at org.junit.runners.BlockJUnit4ClassRunner.runChild(BlockJUnit4ClassRunner.java:78)
	at GameTestRunner.render(GameTestRunner.java:57)
	at com.badlogic.gdx.backends.headless.HeadlessApplication.mainLoop(HeadlessApplication.java:129)
	at com.badlogic.gdx.backends.headless.HeadlessApplication$1.run(HeadlessApplication.java:96)
</failure>
  </testcase>
  <system-out><![CDATA[8.0
580.0
8.0
2124.0
644.0
2696.0
2828.0
2700.0
780.0
2120.0
1864.0
1476.0
776.0
584.0
0.0
8.0
456.0
-4.0
2180.0
580.0
1724.0
580.0
2184.0
964.0
2500.0
1484.0
3208.0
1468.0
2884.0
964.0
2884.0
4.0
3724.0
0.0
3712.0
968.0
4284.0
2696.0
Texture not null
0.0
0.0
0.0
0.0
0.0
0.0
0.0
0.0
0.0
0.0
0.0
0.0
0.0
0.0
0.0
0.0
0.0
0.0
0.0
0.0
0.0
0.0
0.0
0.0
0.0
0.0
0.0
0.0
0.0
0.0
0.0
0.0
0.0
0.0
0.0
0.0
0.0
0.0
0.0
0.0
0.0
0.0
0.0
0.0
0.0
0.0
0.0
0.0
0.0
0.0
0.0
0.0
0.0
0.0
0.0
0.0
0.0
0.0
0.0
0.0
0.0
0.0
0.0
0.0
0.0
0.0
0.0
0.0
0.0
0.0
0.0
0.0
0.0
0.0
0.0
0.0
0.0
0.0
0.0
0.0
0.0
0.0
0.0
0.0
0.0
0.0
0.0
0.0
0.0
0.0
0.0
0.0
0.0
0.0
0.0
0.0
0.0
0.0
0.0
0.0
0.0
0.0
Failed - firetruck has not turned right
8.0
580.0
8.0
2124.0
644.0
2696.0
2828.0
2700.0
780.0
2120.0
1864.0
1476.0
776.0
584.0
0.0
8.0
456.0
-4.0
2180.0
580.0
1724.0
580.0
2184.0
964.0
2500.0
1484.0
3208.0
1468.0
2884.0
964.0
2884.0
4.0
3724.0
0.0
3712.0
968.0
4284.0
2696.0
Texture not null
Success - Success - ammo does not refill when full
8.0
580.0
8.0
2124.0
644.0
2696.0
2828.0
2700.0
780.0
2120.0
1864.0
1476.0
776.0
584.0
0.0
8.0
456.0
-4.0
2180.0
580.0
1724.0
580.0
2184.0
964.0
2500.0
1484.0
3208.0
1468.0
2884.0
964.0
2884.0
4.0
3724.0
0.0
3712.0
968.0
4284.0
2696.0
Texture not null
Success - Success - ammo decreases when shooting
8.0
580.0
8.0
2124.0
644.0
2696.0
2828.0
2700.0
780.0
2120.0
1864.0
1476.0
776.0
584.0
0.0
8.0
456.0
-4.0
2180.0
580.0
1724.0
580.0
2184.0
964.0
2500.0
1484.0
3208.0
1468.0
2884.0
964.0
2884.0
4.0
3724.0
0.0
3712.0
968.0
4284.0
2696.0
Texture not null
2188.000000, 2188.000000
Failed - firetruck has not moved backwards
8.0
580.0
8.0
2124.0
644.0
2696.0
2828.0
2700.0
780.0
2120.0
1864.0
1476.0
776.0
584.0
0.0
8.0
456.0
-4.0
2180.0
580.0
1724.0
580.0
2184.0
964.0
2500.0
1484.0
3208.0
1468.0
2884.0
964.0
2884.0
4.0
3724.0
0.0
3712.0
968.0
4284.0
2696.0
Texture not null
0.0
0.0
0.0
0.0
0.0
0.0
0.0
0.0
0.0
0.0
0.0
0.0
0.0
0.0
0.0
0.0
0.0
0.0
0.0
0.0
0.0
0.0
0.0
0.0
0.0
0.0
0.0
0.0
0.0
0.0
0.0
0.0
0.0
0.0
0.0
0.0
0.0
0.0
0.0
0.0
0.0
0.0
0.0
0.0
0.0
0.0
0.0
0.0
0.0
0.0
0.0
0.0
0.0
0.0
0.0
0.0
0.0
0.0
0.0
0.0
0.0
0.0
0.0
0.0
0.0
0.0
0.0
0.0
0.0
0.0
0.0
0.0
0.0
0.0
0.0
0.0
0.0
0.0
0.0
0.0
0.0
0.0
0.0
0.0
0.0
0.0
0.0
0.0
0.0
0.0
0.0
0.0
0.0
0.0
0.0
0.0
0.0
0.0
0.0
0.0
0.0
0.0
Failed - firetruck has not turned left
Success - Success - fortress shoots
8.0
580.0
8.0
2124.0
644.0
2696.0
2828.0
2700.0
780.0
2120.0
1864.0
1476.0
776.0
584.0
0.0
8.0
456.0
-4.0
2180.0
580.0
1724.0
580.0
2184.0
964.0
2500.0
1484.0
3208.0
1468.0
2884.0
964.0
2884.0
4.0
3724.0
0.0
3712.0
968.0
4284.0
2696.0
Texture not null
Success - firetruck has shot
8.0
580.0
8.0
2124.0
644.0
2696.0
2828.0
2700.0
780.0
2120.0
1864.0
1476.0
776.0
584.0
0.0
8.0
456.0
-4.0
2180.0
580.0
1724.0
580.0
2184.0
964.0
2500.0
1484.0
3208.0
1468.0
2884.0
964.0
2884.0
4.0
3724.0
0.0
3712.0
968.0
4284.0
2696.0
Texture not null
Success - Success - ammo refills when low
]]></system-out>
  <system-err><![CDATA[]]></system-err>
</testsuite>
